<?xml version="1.0" encoding="UTF-8"?>
<testsuite xmlns:xsi="http://www.w3.org/2001/XMLSchema-instance" xsi:noNamespaceSchemaLocation="https://maven.apache.org/surefire/maven-surefire-plugin/xsd/surefire-test-report-3.0.xsd" version="3.0" name="edu.grinnell.csc207.TestMP02" time="0.121" tests="23" errors="0" skipped="0" failures="0">
  <properties>
[...]
</properties>
  <testcase name="testBfcClearAfterAdd" classname="edu.grinnell.csc207.TestMP02" time="0.04"/>
  <testcase name="testBfSimplify" classname="edu.grinnell.csc207.TestMP02" time="0.002"/>
  <testcase name="testBfParseNegative" classname="edu.grinnell.csc207.TestMP02" time="0.002"/>
  <testcase name="testBfMultiply" classname="edu.grinnell.csc207.TestMP02" time="0.001"/>
  <testcase name="testBFcInit" classname="edu.grinnell.csc207.TestMP02" time="0.002"/>
  <testcase name="testBfrsIndependentUpdate" classname="edu.grinnell.csc207.TestMP02" time="0.001"/>
  <testcase name="testBfcMultiply" classname="edu.grinnell.csc207.TestMP02" time="0.0"/>
  <testcase name="testBfcClear" classname="edu.grinnell.csc207.TestMP02" time="0.001"/>
  <testcase name="testBfAdd" classname="edu.grinnell.csc207.TestMP02" time="0.002"/>
  <testcase name="testBfParseWhole" classname="edu.grinnell.csc207.TestMP02" time="0.0"/>
  <testcase name="testBfReturnWhole" classname="edu.grinnell.csc207.TestMP02" time="0.001"/>
  <testcase name="testBfParse" classname="edu.grinnell.csc207.TestMP02" time="0.002"/>
  <testcase name="testBfcMany" classname="edu.grinnell.csc207.TestMP02" time="0.002"/>
  <testcase name="testBfrsNew" classname="edu.grinnell.csc207.TestMP02" time="0.002"/>
  <testcase name="testBfrsBasics" classname="edu.grinnell.csc207.TestMP02" time="0.0"/>
  <testcase name="testBfSubtract" classname="edu.grinnell.csc207.TestMP02" time="0.001"/>
  <testcase name="testBfrsUpdate" classname="edu.grinnell.csc207.TestMP02" time="0.001"/>
  <testcase name="testBfcSubtract" classname="edu.grinnell.csc207.TestMP02" time="0.0"/>
  <testcase name="testBfcDivide" classname="edu.grinnell.csc207.TestMP02" time="0.001"/>
  <testcase name="testBfcAdd" classname="edu.grinnell.csc207.TestMP02" time="0.001"/>
  <testcase name="testBfcNew" classname="edu.grinnell.csc207.TestMP02" time="0.001"/>
  <testcase name="testBfParseSimplify" classname="edu.grinnell.csc207.TestMP02" time="0.0"/>
  <testcase name="testBfDivide" classname="edu.grinnell.csc207.TestMP02" time="0.001"/>
</testsuite>